<?xml version="1.0" encoding="UTF-8"?>
<!-- Generated by org.testng.reporters.JUnitReportReporter -->
<testsuite skipped="0" hostname="ASDW0135" name="com.google.gmailAutomation.testcases.LoginPageEmailTest" tests="1" failures="0" timestamp="30 Aug 2018 08:05:16 GMT" time="1.659" errors="0">
  <testcase name="testEnterUserNameAndNext" time="1.659" classname="com.google.gmailAutomation.testcases.LoginPageEmailTest"/>
</testsuite> <!-- com.google.gmailAutomation.testcases.LoginPageEmailTest -->
