<?xml version="1.0" encoding="UTF-8"?>
<!-- Generated by org.testng.reporters.JUnitReportReporter -->
<testsuite skipped="0" hostname="ASDW0135" name="com.google.gmailAutomation.testcases.LoginPagePasswordTest" tests="1" failures="0" timestamp="30 Aug 2018 11:58:37 GMT" time="24.633" errors="0">
  <testcase name="testEnterPwdAndNext" time="24.633" classname="com.google.gmailAutomation.testcases.LoginPagePasswordTest"/>
</testsuite> <!-- com.google.gmailAutomation.testcases.LoginPagePasswordTest -->
