<?xml version="1.0" encoding="UTF-8"?>
<!-- Generated by org.testng.reporters.JUnitReportReporter -->
<testsuite skipped="0" hostname="ASDW0135" name="com.google.gmailAutomation.testcases.LoginPageEmailTest" tests="1" failures="0" timestamp="30 Aug 2018 11:34:44 GMT" time="11.599" errors="0">
  <testcase name="testEnterUserNameAndNext" time="11.599" classname="com.google.gmailAutomation.testcases.LoginPageEmailTest"/>
</testsuite> <!-- com.google.gmailAutomation.testcases.LoginPageEmailTest -->
