<?xml version="1.0" encoding="UTF-8"?>
<!-- Generated by org.testng.reporters.JUnitReportReporter -->
<testsuite hostname="Aspire-A515-51G" failures="0" tests="1" name="com.google.gmailAutomation.testcases.InboxPageTest" time="29.714" errors="0" timestamp="30 Aug 2018 16:32:07 GMT" skipped="0">
  <testcase classname="com.google.gmailAutomation.testcases.InboxPageTest" name="testComposeAndSendMail" time="29.714"/>
</testsuite> <!-- com.google.gmailAutomation.testcases.InboxPageTest -->
