<?xml version="1.0" encoding="UTF-8"?>
<!-- Generated by org.testng.reporters.JUnitReportReporter -->
<testsuite hostname="Aspire-A515-51G" failures="0" tests="1" name="com.google.gmailAutomation.testcases.LoginPageEmailTest" time="6.098" errors="0" timestamp="30 Aug 2018 17:12:12 GMT" skipped="0">
  <testcase classname="com.google.gmailAutomation.testcases.LoginPageEmailTest" name="testEnterUserNameAndNext" time="6.098"/>
</testsuite> <!-- com.google.gmailAutomation.testcases.LoginPageEmailTest -->
